2014/02/17 18:37:37 INFO  - jmeter.util.JMeterUtils: Setting Locale to en_US 
2014/02/17 18:37:37 INFO  - jmeter.JMeter: Loading user properties from: /Users/berinle/devtools/apache-jmeter-2.9/bin/user.properties 
2014/02/17 18:37:37 INFO  - jmeter.JMeter: Loading system properties from: /Users/berinle/devtools/apache-jmeter-2.9/bin/system.properties 
2014/02/17 18:37:37 INFO  - jmeter.JMeter: Copyright (c) 1998-2013 The Apache Software Foundation 
2014/02/17 18:37:37 INFO  - jmeter.JMeter: Version 2.9 r1437961 
2014/02/17 18:37:37 INFO  - jmeter.JMeter: java.version=1.7.0_45 
2014/02/17 18:37:37 INFO  - jmeter.JMeter: java.vm.name=Java HotSpot(TM) 64-Bit Server VM 
2014/02/17 18:37:37 INFO  - jmeter.JMeter: os.name=Mac OS X 
2014/02/17 18:37:37 INFO  - jmeter.JMeter: os.arch=x86_64 
2014/02/17 18:37:37 INFO  - jmeter.JMeter: os.version=10.9.1 
2014/02/17 18:37:37 INFO  - jmeter.JMeter: file.encoding=UTF-8 
2014/02/17 18:37:37 INFO  - jmeter.JMeter: Default Locale=English (United States) 
2014/02/17 18:37:37 INFO  - jmeter.JMeter: JMeter  Locale=English (United States) 
2014/02/17 18:37:37 INFO  - jmeter.JMeter: JMeterHome=/Users/berinle/devtools/apache-jmeter-2.9 
2014/02/17 18:37:37 INFO  - jmeter.JMeter: user.dir  =/Users/berinle/workspace/jmeter-cookbook/ch1 
2014/02/17 18:37:37 INFO  - jmeter.JMeter: PWD       =/Users/berinle/workspace/jmeter-cookbook/ch1 
2014/02/17 18:37:37 INFO  - jmeter.JMeter: IP: 192.168.2.15 Name: bayos-imac FullName: bayos-imac 
2014/02/17 18:37:37 INFO  - jmeter.services.FileServer: Default base='/Users/berinle/workspace/jmeter-cookbook/ch1' 
2014/02/17 18:37:37 INFO  - jmeter.services.FileServer: Set new base='/Users/berinle/workspace/jmeter-cookbook/ch1' 
2014/02/17 18:37:37 INFO  - jmeter.JMeter: Loading file: jmeter.jmx 
2014/02/17 18:37:37 INFO  - jmeter.save.SaveService: Testplan (JMX) version: 2.2. Testlog (JTL) version: 2.2 
2014/02/17 18:37:37 INFO  - jmeter.save.SaveService: Using SaveService properties file encoding UTF-8 
2014/02/17 18:37:37 INFO  - jmeter.save.SaveService: Using SaveService properties file version 1427507 
2014/02/17 18:37:37 INFO  - jmeter.save.SaveService: Using SaveService properties version 2.4 
2014/02/17 18:37:37 INFO  - jmeter.save.SaveService: All converter versions present and correct 
2014/02/17 18:37:37 INFO  - jmeter.protocol.http.control.CookieManager: Settings: Delete null: true Check: true Allow variable: true Save: false Prefix: COOKIE_ 
2014/02/17 18:37:37 INFO  - jmeter.protocol.http.sampler.HTTPSamplerBase: Cannot find .className property for htmlParser, using default 
2014/02/17 18:37:37 INFO  - jmeter.protocol.http.sampler.HTTPSamplerBase: Parser for text/html is  
2014/02/17 18:37:37 INFO  - jmeter.protocol.http.sampler.HTTPSamplerBase: Parser for application/xhtml+xml is  
2014/02/17 18:37:37 INFO  - jmeter.protocol.http.sampler.HTTPSamplerBase: Parser for application/xml is  
2014/02/17 18:37:37 INFO  - jmeter.protocol.http.sampler.HTTPSamplerBase: Parser for text/xml is  
2014/02/17 18:37:37 INFO  - jmeter.protocol.http.sampler.HTTPSamplerBase: Parser for text/vnd.wap.wml is org.apache.jmeter.protocol.http.parser.RegexpHTMLParser 
2014/02/17 18:37:37 INFO  - jmeter.protocol.http.sampler.HTTPSamplerBase: Reuse SSL session context on subsequent iterations: true 
2014/02/17 18:37:38 INFO  - jmeter.engine.StandardJMeterEngine: Listeners will be started after enabling running version 
2014/02/17 18:37:38 INFO  - jmeter.engine.StandardJMeterEngine: To revert to the earlier behaviour, define jmeterengine.startlistenerslater=false 
2014/02/17 18:37:38 INFO  - jmeter.engine.StandardJMeterEngine: Running the test! 
2014/02/17 18:37:38 INFO  - jmeter.engine.util.CompoundVariable: Note: Function class names must contain the string: '.functions.' 
2014/02/17 18:37:38 INFO  - jmeter.engine.util.CompoundVariable: Note: Function class names must not contain the string: '.gui.' 
2014/02/17 18:37:38 INFO  - jmeter.JMeter: Running test (1392680258155) 
2014/02/17 18:37:38 INFO  - jmeter.engine.StandardJMeterEngine: Starting ThreadGroup: 1 : ThreadGroup 
2014/02/17 18:37:38 INFO  - jmeter.engine.StandardJMeterEngine: Starting 100 threads for group ThreadGroup. 
2014/02/17 18:37:38 INFO  - jmeter.engine.StandardJMeterEngine: Thread will continue on error 
2014/02/17 18:37:38 INFO  - jmeter.threads.ThreadGroup: Starting thread group number 1 threads 100 ramp-up 50 perThread 500.0 delayedStart=true 
2014/02/17 18:37:38 INFO  - jmeter.threads.ThreadGroup: Started thread group number 1 
2014/02/17 18:37:38 INFO  - jmeter.engine.StandardJMeterEngine: All thread groups have been started 
2014/02/17 18:37:38 INFO  - jmeter.threads.JMeterThread: jmeterthread.startearlier=true (see jmeter.properties) 
2014/02/17 18:37:38 INFO  - jmeter.threads.JMeterThread: Running PostProcessors in forward order 
2014/02/17 18:37:38 INFO  - jmeter.threads.JMeterThread: Thread started: ThreadGroup 1-1 
2014/02/17 18:37:38 INFO  - jmeter.services.FileServer: Stored: users.csv Alias: users.csv@shareMode.all 
2014/02/17 18:37:38 INFO  - jmeter.threads.JMeterThread: Thread started: ThreadGroup 1-2 
2014/02/17 18:37:39 INFO  - jmeter.threads.JMeterThread: Thread started: ThreadGroup 1-3 
2014/02/17 18:37:39 INFO  - jmeter.protocol.http.sampler.HTTPHCAbstractImpl: Local host = bayos-imac 
2014/02/17 18:37:39 INFO  - jmeter.protocol.http.sampler.HTTPHC4Impl: HTTP request retry count = 1 
2014/02/17 18:37:39 INFO  - jmeter.protocol.http.sampler.HTTPHC4Impl: Setting up HTTPS TrustAll scheme 
2014/02/17 18:37:39 INFO  - jmeter.util.JsseSSLManager: Using default SSL protocol: TLS 
2014/02/17 18:37:39 INFO  - jmeter.util.JsseSSLManager: SSL session context: per-thread 
2014/02/17 18:37:39 INFO  - jmeter.samplers.SampleResult: Note: Sample TimeStamps are START times 
2014/02/17 18:37:39 INFO  - jmeter.samplers.SampleResult: sampleresult.default.encoding is set to ISO-8859-1 
2014/02/17 18:37:39 INFO  - jmeter.samplers.SampleResult: sampleresult.useNanoTime=true 
2014/02/17 18:37:39 INFO  - jmeter.samplers.SampleResult: sampleresult.nanoThreadSleep=5000 
2014/02/17 18:37:39 INFO  - jmeter.threads.JMeterThread: Thread started: ThreadGroup 1-4 
2014/02/17 18:37:40 INFO  - jmeter.protocol.http.parser.HtmlParserHTMLParser: Using htmlparser version: 2.0 (Release Build Sep 17, 2006) 
2014/02/17 18:37:40 INFO  - jmeter.protocol.http.parser.HTMLParser: Created org.apache.jmeter.protocol.http.parser.HtmlParserHTMLParser 
2014/02/17 18:37:40 INFO  - jmeter.samplers.SampleEvent: 1 sample_variables have been declared: uuid 
2014/02/17 18:37:40 INFO  - jmeter.threads.JMeterThread: Thread started: ThreadGroup 1-5 
2014/02/17 18:37:40 INFO  - jmeter.threads.JMeterThread: Thread started: ThreadGroup 1-6 
2014/02/17 18:37:41 INFO  - jmeter.threads.JMeterThread: Thread started: ThreadGroup 1-7 
2014/02/17 18:37:41 INFO  - jmeter.threads.JMeterThread: Thread started: ThreadGroup 1-8 
2014/02/17 18:37:42 INFO  - jmeter.threads.JMeterThread: Thread started: ThreadGroup 1-9 
2014/02/17 18:37:42 INFO  - jmeter.threads.JMeterThread: Thread started: ThreadGroup 1-10 
2014/02/17 18:37:43 INFO  - jmeter.threads.JMeterThread: Thread started: ThreadGroup 1-11 
2014/02/17 18:37:43 INFO  - jmeter.threads.JMeterThread: Thread started: ThreadGroup 1-12 
2014/02/17 18:37:44 INFO  - jmeter.threads.JMeterThread: Thread started: ThreadGroup 1-13 
2014/02/17 18:37:44 INFO  - jmeter.threads.JMeterThread: Thread started: ThreadGroup 1-14 
2014/02/17 18:37:45 INFO  - jmeter.threads.JMeterThread: Thread started: ThreadGroup 1-15 
2014/02/17 18:37:45 INFO  - jmeter.threads.JMeterThread: Thread started: ThreadGroup 1-16 
2014/02/17 18:37:46 INFO  - jmeter.threads.JMeterThread: Thread started: ThreadGroup 1-17 
2014/02/17 18:37:46 INFO  - jmeter.threads.JMeterThread: Thread started: ThreadGroup 1-18 
2014/02/17 18:37:47 INFO  - jmeter.threads.JMeterThread: Thread started: ThreadGroup 1-19 
2014/02/17 18:37:47 INFO  - jmeter.threads.JMeterThread: Thread started: ThreadGroup 1-20 
2014/02/17 18:37:48 INFO  - jmeter.threads.JMeterThread: Thread started: ThreadGroup 1-21 
2014/02/17 18:37:48 INFO  - jmeter.threads.JMeterThread: Thread started: ThreadGroup 1-22 
2014/02/17 18:37:49 INFO  - jmeter.threads.JMeterThread: Thread started: ThreadGroup 1-23 
2014/02/17 18:37:49 INFO  - jmeter.threads.JMeterThread: Thread started: ThreadGroup 1-24 
2014/02/17 18:37:50 INFO  - jmeter.threads.JMeterThread: Thread started: ThreadGroup 1-25 
2014/02/17 18:37:50 INFO  - jmeter.threads.JMeterThread: Thread started: ThreadGroup 1-26 
2014/02/17 18:37:51 INFO  - jmeter.threads.JMeterThread: Thread started: ThreadGroup 1-27 
2014/02/17 18:37:51 INFO  - jmeter.threads.JMeterThread: Thread started: ThreadGroup 1-28 
2014/02/17 18:37:52 INFO  - jmeter.threads.JMeterThread: Thread started: ThreadGroup 1-29 
2014/02/17 18:37:52 INFO  - jmeter.threads.JMeterThread: Thread started: ThreadGroup 1-30 
2014/02/17 18:37:53 INFO  - jmeter.threads.JMeterThread: Thread started: ThreadGroup 1-31 
2014/02/17 18:37:53 INFO  - jmeter.threads.JMeterThread: Thread started: ThreadGroup 1-32 
2014/02/17 18:37:54 INFO  - jmeter.threads.JMeterThread: Thread started: ThreadGroup 1-33 
2014/02/17 18:37:54 INFO  - jmeter.threads.JMeterThread: Thread started: ThreadGroup 1-34 
2014/02/17 18:37:55 INFO  - jmeter.threads.JMeterThread: Thread started: ThreadGroup 1-35 
2014/02/17 18:37:55 INFO  - jmeter.threads.JMeterThread: Thread started: ThreadGroup 1-36 
2014/02/17 18:37:56 INFO  - jmeter.threads.JMeterThread: Thread started: ThreadGroup 1-37 
2014/02/17 18:37:56 INFO  - jmeter.threads.JMeterThread: Thread started: ThreadGroup 1-38 
2014/02/17 18:37:57 INFO  - jmeter.threads.JMeterThread: Thread started: ThreadGroup 1-39 
2014/02/17 18:37:57 INFO  - jmeter.threads.JMeterThread: Thread started: ThreadGroup 1-40 
2014/02/17 18:37:58 INFO  - jmeter.threads.JMeterThread: Thread started: ThreadGroup 1-41 
2014/02/17 18:37:58 INFO  - jmeter.threads.JMeterThread: Thread started: ThreadGroup 1-42 
2014/02/17 18:37:59 INFO  - jmeter.threads.JMeterThread: Thread started: ThreadGroup 1-43 
2014/02/17 18:37:59 INFO  - jmeter.threads.JMeterThread: Thread started: ThreadGroup 1-44 
2014/02/17 18:38:00 INFO  - jmeter.threads.JMeterThread: Thread started: ThreadGroup 1-45 
2014/02/17 18:38:00 INFO  - jmeter.threads.JMeterThread: Thread started: ThreadGroup 1-46 
2014/02/17 18:38:01 INFO  - jmeter.threads.JMeterThread: Thread started: ThreadGroup 1-47 
2014/02/17 18:38:01 INFO  - jmeter.threads.JMeterThread: Thread started: ThreadGroup 1-48 
2014/02/17 18:38:02 INFO  - jmeter.threads.JMeterThread: Thread started: ThreadGroup 1-49 
2014/02/17 18:38:02 INFO  - jmeter.threads.JMeterThread: Thread started: ThreadGroup 1-50 
2014/02/17 18:38:03 INFO  - jmeter.threads.JMeterThread: Thread started: ThreadGroup 1-51 
2014/02/17 18:38:03 INFO  - jmeter.threads.JMeterThread: Thread started: ThreadGroup 1-52 
2014/02/17 18:38:04 INFO  - jmeter.threads.JMeterThread: Thread started: ThreadGroup 1-53 
2014/02/17 18:38:04 INFO  - jmeter.threads.JMeterThread: Thread started: ThreadGroup 1-54 
2014/02/17 18:38:05 INFO  - jmeter.threads.JMeterThread: Thread started: ThreadGroup 1-55 
2014/02/17 18:38:05 INFO  - jmeter.threads.JMeterThread: Thread started: ThreadGroup 1-56 
2014/02/17 18:38:06 INFO  - jmeter.threads.JMeterThread: Thread started: ThreadGroup 1-57 
2014/02/17 18:38:06 INFO  - jmeter.threads.JMeterThread: Thread started: ThreadGroup 1-58 
2014/02/17 18:38:07 INFO  - jmeter.threads.JMeterThread: Thread started: ThreadGroup 1-59 
2014/02/17 18:38:07 INFO  - jmeter.threads.JMeterThread: Thread started: ThreadGroup 1-60 
2014/02/17 18:38:08 INFO  - jmeter.threads.JMeterThread: Thread started: ThreadGroup 1-61 
2014/02/17 18:38:08 INFO  - jmeter.threads.JMeterThread: Thread started: ThreadGroup 1-62 
2014/02/17 18:38:09 INFO  - jmeter.threads.JMeterThread: Thread started: ThreadGroup 1-63 
2014/02/17 18:38:09 INFO  - jmeter.threads.JMeterThread: Thread started: ThreadGroup 1-64 
2014/02/17 18:38:10 INFO  - jmeter.threads.JMeterThread: Thread started: ThreadGroup 1-65 
2014/02/17 18:38:10 INFO  - jmeter.threads.JMeterThread: Thread started: ThreadGroup 1-66 
2014/02/17 18:38:11 INFO  - jmeter.threads.JMeterThread: Thread started: ThreadGroup 1-67 
2014/02/17 18:38:11 INFO  - jmeter.threads.JMeterThread: Thread started: ThreadGroup 1-68 
2014/02/17 18:38:12 INFO  - jmeter.threads.JMeterThread: Thread started: ThreadGroup 1-69 
2014/02/17 18:38:12 INFO  - jmeter.threads.JMeterThread: Thread started: ThreadGroup 1-70 
2014/02/17 18:38:13 INFO  - jmeter.threads.JMeterThread: Thread started: ThreadGroup 1-71 
2014/02/17 18:38:13 INFO  - jmeter.threads.JMeterThread: Thread started: ThreadGroup 1-72 
2014/02/17 18:38:14 INFO  - jmeter.threads.JMeterThread: Thread started: ThreadGroup 1-73 
2014/02/17 18:38:14 INFO  - jmeter.threads.JMeterThread: Thread started: ThreadGroup 1-74 
2014/02/17 18:38:15 INFO  - jmeter.threads.JMeterThread: Thread started: ThreadGroup 1-75 
2014/02/17 18:38:15 INFO  - jmeter.threads.JMeterThread: Thread started: ThreadGroup 1-76 
2014/02/17 18:38:16 INFO  - jmeter.threads.JMeterThread: Thread started: ThreadGroup 1-77 
2014/02/17 18:38:16 INFO  - jmeter.threads.JMeterThread: Thread started: ThreadGroup 1-78 
2014/02/17 18:38:17 INFO  - jmeter.threads.JMeterThread: Thread started: ThreadGroup 1-79 
2014/02/17 18:38:17 INFO  - jmeter.threads.JMeterThread: Thread started: ThreadGroup 1-80 
2014/02/17 18:38:18 INFO  - jmeter.threads.JMeterThread: Thread started: ThreadGroup 1-81 
2014/02/17 18:38:18 INFO  - jmeter.threads.JMeterThread: Thread started: ThreadGroup 1-82 
2014/02/17 18:38:19 INFO  - jmeter.threads.JMeterThread: Thread started: ThreadGroup 1-83 
2014/02/17 18:38:19 INFO  - jmeter.threads.JMeterThread: Thread started: ThreadGroup 1-84 
2014/02/17 18:38:20 INFO  - jmeter.threads.JMeterThread: Thread started: ThreadGroup 1-85 
2014/02/17 18:38:20 INFO  - jmeter.threads.JMeterThread: Thread started: ThreadGroup 1-86 
2014/02/17 18:38:21 INFO  - jmeter.threads.JMeterThread: Thread started: ThreadGroup 1-87 
2014/02/17 18:38:21 INFO  - jmeter.threads.JMeterThread: Thread started: ThreadGroup 1-88 
2014/02/17 18:38:22 INFO  - jmeter.threads.JMeterThread: Thread started: ThreadGroup 1-89 
2014/02/17 18:38:22 INFO  - jmeter.threads.JMeterThread: Thread started: ThreadGroup 1-90 
2014/02/17 18:38:23 INFO  - jmeter.threads.JMeterThread: Thread started: ThreadGroup 1-91 
2014/02/17 18:38:23 INFO  - jmeter.threads.JMeterThread: Thread started: ThreadGroup 1-92 
2014/02/17 18:38:24 INFO  - jmeter.threads.JMeterThread: Thread started: ThreadGroup 1-93 
2014/02/17 18:38:25 INFO  - jmeter.threads.JMeterThread: Thread started: ThreadGroup 1-94 
2014/02/17 18:38:25 INFO  - jmeter.threads.JMeterThread: Thread started: ThreadGroup 1-95 
2014/02/17 18:38:26 INFO  - jmeter.threads.JMeterThread: Thread started: ThreadGroup 1-96 
2014/02/17 18:38:26 INFO  - jmeter.threads.JMeterThread: Thread started: ThreadGroup 1-97 
2014/02/17 18:38:27 INFO  - jmeter.threads.JMeterThread: Thread started: ThreadGroup 1-98 
2014/02/17 18:38:27 INFO  - jmeter.threads.JMeterThread: Thread started: ThreadGroup 1-99 
2014/02/17 18:38:28 INFO  - jmeter.threads.JMeterThread: Thread started: ThreadGroup 1-100 
2014/02/17 18:38:38 INFO  - jmeter.threads.JMeterThread: Thread finished: ThreadGroup 1-100 
2014/02/17 18:38:38 INFO  - jmeter.threads.JMeterThread: Thread finished: ThreadGroup 1-80 
2014/02/17 18:38:38 INFO  - jmeter.threads.JMeterThread: Thread finished: ThreadGroup 1-2 
2014/02/17 18:38:38 INFO  - jmeter.threads.JMeterThread: Thread finished: ThreadGroup 1-57 
2014/02/17 18:38:38 INFO  - jmeter.threads.JMeterThread: Thread finished: ThreadGroup 1-18 
2014/02/17 18:38:38 INFO  - jmeter.threads.JMeterThread: Thread finished: ThreadGroup 1-11 
2014/02/17 18:38:38 INFO  - jmeter.threads.JMeterThread: Thread finished: ThreadGroup 1-51 
2014/02/17 18:38:38 INFO  - jmeter.threads.JMeterThread: Thread finished: ThreadGroup 1-49 
2014/02/17 18:38:38 INFO  - jmeter.threads.JMeterThread: Thread finished: ThreadGroup 1-66 
2014/02/17 18:38:38 INFO  - jmeter.threads.JMeterThread: Thread finished: ThreadGroup 1-99 
2014/02/17 18:38:38 INFO  - jmeter.threads.JMeterThread: Thread finished: ThreadGroup 1-81 
2014/02/17 18:38:38 INFO  - jmeter.threads.JMeterThread: Thread finished: ThreadGroup 1-1 
2014/02/17 18:38:38 INFO  - jmeter.threads.JMeterThread: Thread finished: ThreadGroup 1-52 
2014/02/17 18:38:38 INFO  - jmeter.threads.JMeterThread: Thread finished: ThreadGroup 1-63 
2014/02/17 18:38:38 INFO  - jmeter.threads.JMeterThread: Thread finished: ThreadGroup 1-31 
2014/02/17 18:38:38 INFO  - jmeter.threads.JMeterThread: Thread finished: ThreadGroup 1-65 
2014/02/17 18:38:38 INFO  - jmeter.threads.JMeterThread: Thread finished: ThreadGroup 1-87 
2014/02/17 18:38:38 INFO  - jmeter.threads.JMeterThread: Thread finished: ThreadGroup 1-41 
2014/02/17 18:38:38 INFO  - jmeter.threads.JMeterThread: Thread finished: ThreadGroup 1-84 
2014/02/17 18:38:38 INFO  - jmeter.threads.JMeterThread: Thread finished: ThreadGroup 1-24 
2014/02/17 18:38:38 INFO  - jmeter.threads.JMeterThread: Thread finished: ThreadGroup 1-55 
2014/02/17 18:38:38 INFO  - jmeter.threads.JMeterThread: Thread finished: ThreadGroup 1-13 
2014/02/17 18:38:38 INFO  - jmeter.threads.JMeterThread: Thread finished: ThreadGroup 1-67 
2014/02/17 18:38:38 INFO  - jmeter.threads.JMeterThread: Thread finished: ThreadGroup 1-83 
2014/02/17 18:38:38 INFO  - jmeter.threads.JMeterThread: Thread finished: ThreadGroup 1-75 
2014/02/17 18:38:38 INFO  - jmeter.threads.JMeterThread: Thread finished: ThreadGroup 1-14 
2014/02/17 18:38:38 INFO  - jmeter.threads.JMeterThread: Thread finished: ThreadGroup 1-70 
2014/02/17 18:38:38 INFO  - jmeter.threads.JMeterThread: Thread finished: ThreadGroup 1-4 
2014/02/17 18:38:38 INFO  - jmeter.threads.JMeterThread: Thread finished: ThreadGroup 1-71 
2014/02/17 18:38:38 INFO  - jmeter.threads.JMeterThread: Thread finished: ThreadGroup 1-48 
2014/02/17 18:38:39 INFO  - jmeter.threads.JMeterThread: Thread finished: ThreadGroup 1-90 
2014/02/17 18:38:39 INFO  - jmeter.threads.JMeterThread: Thread finished: ThreadGroup 1-9 
2014/02/17 18:38:39 INFO  - jmeter.threads.JMeterThread: Thread finished: ThreadGroup 1-93 
2014/02/17 18:38:39 INFO  - jmeter.threads.JMeterThread: Thread finished: ThreadGroup 1-10 
2014/02/17 18:38:39 INFO  - jmeter.threads.JMeterThread: Thread finished: ThreadGroup 1-47 
2014/02/17 18:38:39 INFO  - jmeter.threads.JMeterThread: Thread finished: ThreadGroup 1-30 
2014/02/17 18:38:39 INFO  - jmeter.threads.JMeterThread: Thread finished: ThreadGroup 1-88 
2014/02/17 18:38:39 INFO  - jmeter.threads.JMeterThread: Thread finished: ThreadGroup 1-39 
2014/02/17 18:38:39 INFO  - jmeter.threads.JMeterThread: Thread finished: ThreadGroup 1-61 
2014/02/17 18:38:39 INFO  - jmeter.threads.JMeterThread: Thread finished: ThreadGroup 1-95 
2014/02/17 18:38:39 INFO  - jmeter.threads.JMeterThread: Thread finished: ThreadGroup 1-82 
2014/02/17 18:38:39 INFO  - jmeter.threads.JMeterThread: Thread finished: ThreadGroup 1-6 
2014/02/17 18:38:39 INFO  - jmeter.threads.JMeterThread: Thread finished: ThreadGroup 1-12 
2014/02/17 18:38:39 INFO  - jmeter.threads.JMeterThread: Thread finished: ThreadGroup 1-29 
2014/02/17 18:38:39 INFO  - jmeter.threads.JMeterThread: Thread finished: ThreadGroup 1-20 
2014/02/17 18:38:39 INFO  - jmeter.threads.JMeterThread: Thread finished: ThreadGroup 1-43 
2014/02/17 18:38:39 INFO  - jmeter.threads.JMeterThread: Thread finished: ThreadGroup 1-8 
2014/02/17 18:38:39 INFO  - jmeter.threads.JMeterThread: Thread finished: ThreadGroup 1-15 
2014/02/17 18:38:39 INFO  - jmeter.threads.JMeterThread: Thread finished: ThreadGroup 1-38 
2014/02/17 18:38:39 INFO  - jmeter.threads.JMeterThread: Thread finished: ThreadGroup 1-53 
2014/02/17 18:38:39 INFO  - jmeter.threads.JMeterThread: Thread finished: ThreadGroup 1-22 
2014/02/17 18:38:39 INFO  - jmeter.threads.JMeterThread: Thread finished: ThreadGroup 1-34 
2014/02/17 18:38:39 INFO  - jmeter.threads.JMeterThread: Thread finished: ThreadGroup 1-56 
2014/02/17 18:38:39 INFO  - jmeter.threads.JMeterThread: Thread finished: ThreadGroup 1-64 
2014/02/17 18:38:39 INFO  - jmeter.threads.JMeterThread: Thread finished: ThreadGroup 1-45 
2014/02/17 18:38:39 INFO  - jmeter.threads.JMeterThread: Thread finished: ThreadGroup 1-62 
2014/02/17 18:38:39 INFO  - jmeter.threads.JMeterThread: Thread finished: ThreadGroup 1-59 
2014/02/17 18:38:39 INFO  - jmeter.threads.JMeterThread: Thread finished: ThreadGroup 1-23 
2014/02/17 18:38:39 INFO  - jmeter.threads.JMeterThread: Thread finished: ThreadGroup 1-74 
2014/02/17 18:38:39 INFO  - jmeter.threads.JMeterThread: Thread finished: ThreadGroup 1-69 
2014/02/17 18:38:39 INFO  - jmeter.threads.JMeterThread: Thread finished: ThreadGroup 1-40 
2014/02/17 18:38:39 INFO  - jmeter.threads.JMeterThread: Thread finished: ThreadGroup 1-33 
2014/02/17 18:38:39 INFO  - jmeter.threads.JMeterThread: Thread finished: ThreadGroup 1-76 
2014/02/17 18:38:39 INFO  - jmeter.threads.JMeterThread: Thread finished: ThreadGroup 1-32 
2014/02/17 18:38:39 INFO  - jmeter.threads.JMeterThread: Thread finished: ThreadGroup 1-92 
2014/02/17 18:38:39 INFO  - jmeter.threads.JMeterThread: Thread finished: ThreadGroup 1-98 
2014/02/17 18:38:40 INFO  - jmeter.threads.JMeterThread: Thread finished: ThreadGroup 1-50 
2014/02/17 18:38:40 INFO  - jmeter.threads.JMeterThread: Thread finished: ThreadGroup 1-42 
2014/02/17 18:38:40 INFO  - jmeter.threads.JMeterThread: Thread finished: ThreadGroup 1-68 
2014/02/17 18:38:40 INFO  - jmeter.threads.JMeterThread: Thread finished: ThreadGroup 1-5 
2014/02/17 18:38:40 INFO  - jmeter.threads.JMeterThread: Thread finished: ThreadGroup 1-36 
2014/02/17 18:38:40 INFO  - jmeter.threads.JMeterThread: Thread finished: ThreadGroup 1-21 
2014/02/17 18:38:40 INFO  - jmeter.threads.JMeterThread: Thread finished: ThreadGroup 1-16 
2014/02/17 18:38:40 INFO  - jmeter.threads.JMeterThread: Thread finished: ThreadGroup 1-17 
2014/02/17 18:38:40 INFO  - jmeter.threads.JMeterThread: Thread finished: ThreadGroup 1-35 
2014/02/17 18:38:40 INFO  - jmeter.threads.JMeterThread: Thread finished: ThreadGroup 1-58 
2014/02/17 18:38:40 INFO  - jmeter.threads.JMeterThread: Thread finished: ThreadGroup 1-91 
2014/02/17 18:38:40 INFO  - jmeter.threads.JMeterThread: Thread finished: ThreadGroup 1-25 
2014/02/17 18:38:40 INFO  - jmeter.threads.JMeterThread: Thread finished: ThreadGroup 1-96 
2014/02/17 18:38:40 INFO  - jmeter.threads.JMeterThread: Thread finished: ThreadGroup 1-44 
2014/02/17 18:38:40 INFO  - jmeter.threads.JMeterThread: Thread finished: ThreadGroup 1-54 
2014/02/17 18:38:40 INFO  - jmeter.threads.JMeterThread: Thread finished: ThreadGroup 1-86 
2014/02/17 18:38:40 INFO  - jmeter.threads.JMeterThread: Thread finished: ThreadGroup 1-19 
2014/02/17 18:38:41 INFO  - jmeter.threads.JMeterThread: Thread finished: ThreadGroup 1-94 
2014/02/17 18:38:41 INFO  - jmeter.threads.JMeterThread: Thread finished: ThreadGroup 1-37 
2014/02/17 18:38:41 INFO  - jmeter.threads.JMeterThread: Thread finished: ThreadGroup 1-46 
2014/02/17 18:38:41 INFO  - jmeter.threads.JMeterThread: Thread finished: ThreadGroup 1-79 
2014/02/17 18:38:41 INFO  - jmeter.threads.JMeterThread: Thread finished: ThreadGroup 1-60 
2014/02/17 18:38:41 INFO  - jmeter.threads.JMeterThread: Thread finished: ThreadGroup 1-3 
2014/02/17 18:38:41 INFO  - jmeter.threads.JMeterThread: Thread finished: ThreadGroup 1-27 
2014/02/17 18:38:41 INFO  - jmeter.threads.JMeterThread: Thread finished: ThreadGroup 1-85 
2014/02/17 18:38:41 INFO  - jmeter.threads.JMeterThread: Thread finished: ThreadGroup 1-28 
2014/02/17 18:38:41 INFO  - jmeter.threads.JMeterThread: Thread finished: ThreadGroup 1-72 
2014/02/17 18:38:41 INFO  - jmeter.threads.JMeterThread: Thread finished: ThreadGroup 1-97 
2014/02/17 18:38:42 INFO  - jmeter.threads.JMeterThread: Thread finished: ThreadGroup 1-7 
2014/02/17 18:38:42 INFO  - jmeter.threads.JMeterThread: Thread finished: ThreadGroup 1-78 
2014/02/17 18:38:42 INFO  - jmeter.threads.JMeterThread: Thread finished: ThreadGroup 1-89 
2014/02/17 18:38:42 INFO  - jmeter.threads.JMeterThread: Thread finished: ThreadGroup 1-26 
2014/02/17 18:38:43 INFO  - jmeter.threads.JMeterThread: Thread finished: ThreadGroup 1-77 
2014/02/17 18:38:43 INFO  - jmeter.threads.JMeterThread: Thread finished: ThreadGroup 1-73 
2014/02/17 18:38:43 INFO  - jmeter.engine.StandardJMeterEngine: Notifying test listeners of end of test 
2014/02/17 18:38:43 INFO  - jmeter.services.FileServer: Close: users.csv@shareMode.all 
